<?xml version="1.0"?>
<testsuite name="Chrome Headless 128.0.0.0 (Mac OS 10.15.7)" package="" timestamp="2024-09-17T13:35:25" id="0" hostname="Mateos-MacBook-Pro.local" tests="11" errors="0" failures="0" time="0.051">
  <properties>
    <property name="browser.fullName" value="Mozilla/5.0 (Macintosh; Intel Mac OS X 10_15_7) AppleWebKit/537.36 (KHTML, like Gecko) HeadlessChrome/128.0.0.0 Safari/537.36"/>
  </properties>
  <testcase name="EmployeeComponent should create" time="0.03" classname="EmployeeComponent"/>
  <testcase name="EmployeeService should be created" time="0.001" classname="EmployeeService"/>
  <testcase name="AddemployeeComponent should show error if name contains numbers or special characters" time="0.007" classname="AddemployeeComponent"/>
  <testcase name="AddemployeeComponent should show error if name length is less than 2" time="0.003" classname="AddemployeeComponent"/>
  <testcase name="AddemployeeComponent should show error if name length exceeds 100 characters" time="0.002" classname="AddemployeeComponent"/>
  <testcase name="AddemployeeComponent should capitalize name correctly" time="0.001" classname="AddemployeeComponent"/>
  <testcase name="AddemployeeComponent should create" time="0.001" classname="AddemployeeComponent"/>
  <testcase name="AddemployeeComponent should show error if name is empty" time="0.001" classname="AddemployeeComponent"/>
  <testcase name="AddemployeeComponent should return true if employee name exists in the list" time="0.002" classname="AddemployeeComponent"/>
  <testcase name="AddemployeeComponent should return false if employee name does not exist in the list" time="0.001" classname="AddemployeeComponent"/>
  <testcase name="AppComponent should render title" time="0.002" classname="AppComponent"/>
  <system-out>
    <![CDATA[
]]>
  </system-out>
  <system-err/>
</testsuite>